<?xml version="1.0" encoding="UTF-8"?>
<!-- Generated by org.testng.reporters.JUnitReportReporter -->
<testsuite hostname="BBD-AD01" failures="0" tests="4" name="com.RestAssuredFramework.TestRunner.RunnerClass" time="18.492" errors="0" timestamp="2022-01-19T17:17:10 IST" skipped="0">
  <testcase classname="com.RestAssuredFramework.TestRunner.RunnerClass" name="runScenario" time="2.981"/>
  <system-out/>
  <testcase classname="com.RestAssuredFramework.TestRunner.RunnerClass" name="runScenario" time="2.007"/>
  <system-out/>
  <testcase classname="com.RestAssuredFramework.TestRunner.RunnerClass" name="runScenario" time="10.547"/>
  <system-out/>
  <testcase classname="com.RestAssuredFramework.TestRunner.RunnerClass" name="runScenario" time="2.957"/>
  <system-out/>
</testsuite> <!-- com.RestAssuredFramework.TestRunner.RunnerClass -->
